<?xml version="1.0" encoding="UTF-8"?>
<!-- Generated by org.testng.reporters.JUnitXMLReporter -->
<testsuite hostname="slt01-PC" ignored="0" name="SequenceTest" tests="5" failures="0" timestamp="16 四月 2019 02:03:16 GMT" time="5.75" errors="0">
  <testcase name="TestUserList2" time="0.002" classname="com.hsl.cn.testcase.TestUserDetailCase2"/>
  <testcase name="TestUserList2" time="0.001" classname="com.hsl.cn.testcase.TestUserDetailCase2"/>
  <testcase name="TestUserList2" time="0.001" classname="com.hsl.cn.testcase.TestUserDetailCase2"/>
  <testcase name="TestUserList3" time="0.0" classname="com.hsl.cn.testcase.TestUserDetailCase2"/>
  <testcase name="TestUserList4" time="0.002" classname="com.hsl.cn.testcase.TestUserDetailCase2"/>
</testsuite> <!-- SequenceTest -->
