<?xml version="1.0" encoding="UTF-8"?>
<testsuite xmlns:xsi="http://www.w3.org/2001/XMLSchema-instance" xsi:noNamespaceSchemaLocation="https://maven.apache.org/surefire/maven-surefire-plugin/xsd/surefire-test-report.xsd" name="TestSuite" time="7.912" tests="5" errors="0" skipped="0" failures="0">
  <properties>
[...]
</properties>
  <testcase name="TestUserList2" classname="com.hsl.cn.testcase.TestUserDetailCase2" time="0.003"/>
  <testcase name="TestUserList2" classname="com.hsl.cn.testcase.TestUserDetailCase2" time="0"/>
  <testcase name="TestUserList2" classname="com.hsl.cn.testcase.TestUserDetailCase2" time="0.003"/>
  <testcase name="TestUserList3" classname="com.hsl.cn.testcase.TestUserDetailCase2" time="0.001"/>
  <testcase name="TestUserList4" classname="com.hsl.cn.testcase.TestUserDetailCase2" time="0.001"/>
</testsuite>